Mdi:ArrangeIcons
ScopeSigMgr:loadpffile /home/ecegrid/a/559mg3/cadence/simulation/XOR21_StaticCMOS/hspiceS/extracted/netlist/nanosim.fsdb 1 openonly
# PF:1
pf:read PF:1 a_in
# WF:1:1
Graph addsignal WF:1:1 -region d -yview real(y) -xview real(x) -tracehi 1
# Signal0
pf:read PF:1 b_in
# WF:1:2
Graph addsignal WF:1:2 -region d -yview real(y) -xview real(x) -tracehi 1
# Signal1
pf:read PF:1 out_xor21
# WF:1:3
Graph addsignal WF:1:3 -region d -yview real(y) -xview real(x) -tracehi 1
# Signal2
Mdi:FullSize
Mdi:Iconify
Graph:Select Graph0
Mdi:ArrangeIcons
wm geometry . 1280x969+0+0
Graph:Select Graph0
Mdi:Deiconify
