 --------------------------------------------------------
|                                                        |
|           NanoSim Version G-2012.06 (RHEL64)           |
| Copyright (c) 2012 Synopsys Inc., All Rights Reserved. |
|                                                        |
 --------------------------------------------------------

Built by nsmgr   on Fri May 18 18:17:12 PDT 2012
Mon Dec  1 01:09:30 EST 2014
Machine Name: ecegrid-thin3.ecn.purdue.edu

Command line options:  -n nanosim.sp -c nanosim.cfg -nvec nanosim.vec -out fsdb -z tt


The 64-bit version of the simulator is running.


Initializing system messages took 0.010 s

LICENSE Information: 
-- Key: TIMEMILL__NSADDON	            
-- Version: 2012.06

Installing interactive/configuration commands ... 
Installing commands took 0.020 s


Start netlist compilation at Mon Dec  1 01:09:30 2014

Compiling "nanosim.sp" (SPICE)
Compiling "/package/eda/cells/ncsu-cdk-1.5.1/local/models/hspice/public/publicModel/tsmc18dP" (SPICE)
Compiling "/package/eda/cells/ncsu-cdk-1.5.1/local/models/hspice/public/publicModel/tsmc18dN" (SPICE)
Compiling "nanosim.vec" (VECTOR)



Parsing netlist finished in 0 seconds

Circuit temperature from netlist                  :       25.000


Netlist compilation will be case insensitive.
All letters will be converted to lower case.
Building instance tree finished in 0 seconds

Finish netlist compilation at Mon Dec  1 01:09:30 2014

Netlist compilation took 0.020 s
NOTICE:Techfile Voltage (*nanosim tech="voltage") set to  2.5V ... 
Found technology file: ./tt_tech_tsmc18dn...
Found technology file: ./tt_tech_tsmc18dp...
Building node/element arrays took 0.010 s

Reading configuration files ...
Reading configuration files took 0.000000 s


# of CMOS elements                                        :           28
# of dc voltage sources                                   :            1
# of stimulus elements                                    :            1
# of elements                                             :           65
# of used elements                                        :           45
# of nodes                                                :           19
# of subckt                                               :            1
# of top-level instances                                  :           65
# of capacitors from netlist                              :           54
     # of Ground CAPS from netlist                        :           19
     # of Coupling CAPS from netlist                      :           35

# of Coupling CAPS from netlist and converted diodes      :           35
     # of Coupling CAPS kept (see .fcap file)             :           16
     # of Coupling CAPS put into SMS Mode                 :            0
     # of Coupling CAPS split to ground                   :           19


Circuit partitioning ...

Among 4 stages, there are: 
           4 pwl stages 
           0 grouped pwl stages
           0 analog stages 
           0 NR stages 
           0 grouped analog stages
           0 rc stages 
           0 ud stages 
           0 ADFMI functional model stages
           7 nodes in the largest pwl stage
           0 nodes in the largest digital stage

           4 stages (4 pwl/analog stages) with 0-9 nodes


Among 19 nodes, there are: 
          19 pwl nodes
           0 analog (accurate) nodes
           0 rc nodes
           0 ud nodes

           0 cut nodes 
           0 mem_cut nodes 
          15 no_clamp nodes 
          14 nodes in stages
           5 voltage source nodes
           2 constant nodes
           0 NR nodes

Among 65 elements, there are: 
          44 elements in stages
          44 pwl elements 
           0 synchronous elements 
           0 SMS elements 
           0 analog (accurate) elements
           0 rc elements 
           0 ud elements 
           0 ADFMI functional model elements 
           0 VERILOGA model elements 
           0 behavioral model elements 

           0 mna elements
           0 NR elements
           0 mos transistors identified as keepers
           0 keepers removed
           0 keepers reduced


Circuit partitioning took 0.000 s
Constructing matrix ...
Matrix ordering and construction took 0.000 s
Profiling block-number for individual report_block_powr configuration commands (1 cmd's totally)  
Cmd 1: 1 blocks from "report_block_powr total track_power=1 * "   
Processing block power (number of blocks: 1) ...  


After reading configuration file(s), 10 signals are identified to be printed:
           5 logic signals
           5 voltage signals

Statistics of memory used for signal printing:
      633320 bytes allocated in total, including:
             96016 bytes allocated for node current/voltage/logic signals
            272688 bytes allocated additionally for node current signals
            264616 bytes allocated additionally for element branch current signals

Levelizing stages ...
Levelizing stages took 0.000 s
DC initialization ...
WARNING:NanoSim:0x2110e526:Element m86 outside tech_file range (vg=0, vd=0, vs=2.5)... at 0ns 
WARNING:NanoSim:0x2110e526:Element m83 outside tech_file range (vg=1.8, vd=0, vs=2.5)... at 0ns 
WARNING:NanoSim:0x2110e526:Element m87 outside tech_file range (vg=0, vd=0, vs=2.5)... at 0ns 
WARNING:NanoSim:0x2110e526:Element m85 outside tech_file range (vg=1.8, vd=0, vs=2.5)... at 0ns 
WARNING:NanoSim:0x2110e526:Element m84 outside tech_file range (vg=1.8, vd=0, vs=2.5)... at 0ns 
WARNING:NanoSim:0x2110e526:Element m85 outside tech_file range (vg=1.8, vd=0.0895985, vs=2.46918)... at 0ns 
WARNING:NanoSim:0x2110e526:Element m84 outside tech_file range (vg=1.8, vd=0.0895985, vs=2.47394)... at 0ns 
WARNING:NanoSim:0x2110e526:Element m85 outside tech_file range (vg=1.8, vd=0.0892333, vs=2.46968)... at 0ns 
WARNING:NanoSim:0x2110e526:Element m84 outside tech_file range (vg=1.8, vd=0.0892333, vs=2.47346)... at 0ns 
WARNING:NanoSim:0x2110e526:Element m77 outside tech_file range (vg=0, vd=0, vs=2.5)... at 0ns 
WARNING:NanoSim:0x20102001:Previous message has been printed 10 times, It will not be printed again! To change the limit for every message type, use:
	"set_mesg_opt limit_per_mesg=<limit>"

Finishing initialization (level 0 -- 2)
0 dynamic stages assigned in DC Initialization

Number of residual dc events scheduled          : 0
Number of ic nodes scheduled                    : 0
DC initialization took 0.000 s
WARNING:NanoSim:0x2110f526:Element m84 outside tech_file range (vg=1.8, vd=0.0892258, vs=2.47349)... at 0ns 
WARNING:NanoSim:0x2110f526:Element m85 outside tech_file range (vg=1.8, vd=0.0892258, vs=2.46966)... at 0ns 

Simulation begins in pwl mode ...
WARNING:NanoSim:0x2110f526:Element m85 outside tech_file range (vg=1.8, vd=0.0892258, vs=2.46966)... at 10ns 
WARNING:NanoSim:0x2110f526:Element m84 outside tech_file range (vg=1.8, vd=0.0892258, vs=2.47349)... at 10ns 
WARNING:NanoSim:0x2110f526:Element m85 outside tech_file range (vg=1.54286, vd=0.103335, vs=2.43662)... at 10.01ns 
WARNING:NanoSim:0x2110f526:Element m84 outside tech_file range (vg=1.8, vd=0.103335, vs=2.47665)... at 10.01ns 
WARNING:NanoSim:0x2110f526:Element m84 outside tech_file range (vg=1.8, vd=0.13925, vs=2.47868)... at 10.02ns 
WARNING:NanoSim:0x2110f526:Element m95 outside tech_file range (vg=0.75, vd=2.5, vs=0)... at 10.03ns 
WARNING:NanoSim:0x2110f526:Element m84 outside tech_file range (vg=1.8, vd=0.0748912, vs=2.46916)... at 10.22ns 
WARNING:NanoSim:0x2110f526:Element m84 outside tech_file range (vg=1.8, vd=0.045745, vs=2.46955)... at 10.22ns 
WARNING:NanoSim:0x20102001:Previous message has been printed 10 times, It will not be printed again! To change the limit for every message type, use:
	"set_mesg_opt limit_per_mesg=<limit>"
WARNING:NanoSim:0x2110f524:Positive bulk-source bias: element m96, vbs=0.40624... at 40.04ns 
WARNING:NanoSim:0x2110f524:Positive bulk-source bias: element m95, vbs=0.40624... at 40.04ns 
Simulation ends at 1000.000 ns

Simulation took 0.050 s

Current information calculated over the intervals:

     0.00000e+00 -  1.00001e+03 ns




Block: total
    Number of nodes in block		:  14
    Number of elements in block		:  44
    Number of block supply nodes	:  1
    Number of block ground nodes	:  1
    Number of block biput nodes		:  3
    Number of block input nodes		:  0
    Number of block output nodes	:  0
    Number of block stages		:  4
    Number of block partial stages	:  0

    Average supply current		: -3.519505 uA
    RMS supply current			:  32.444107 uA

    Average input current		:  0.000000 uA
    RMS input current			:  0.000000 uA

    Average output current		:  0.000000 uA
    RMS output current			:  0.000000 uA

    Average biput current		:  0.006840 uA
    RMS biput current			:  29.682189 uA

    Average block power			:  8.833697 uW
    RMS block power			:  76.616879 uW

Simulation time resolution                      : 1.000e-02 ns
Print time resolution                           : 1.000e-02 ns
Number of PWL matrix solutions                  : 3579
Number of PWL MOS model lookups                 : 19315
Number of time steps                            : 3579
Number of iterations                            : 0
Number of rejected time steps                   : 16

Global simulation parameters used:

SPD            0.25V     ASPD            0.1V
SIM_DESV       0.25V     SIM_AESV      0.125V
VDS_MIN  0.000370663V     AVDS_MIN      1e-08V
SSC (steady state current)         0.1uA
SUBI (subthreshold current)          1uA
DC CURRENT                           1uA

	       1.0 real	       0.7 user	       0.2 sys

Signal data is saved in nanosim.fsdb

No errors reported in the .err file (nanosim.err)

