 --------------------------------------------------------
|                                                        |
|           NanoSim Version G-2012.06 (RHEL64)           |
| Copyright (c) 2012 Synopsys Inc., All Rights Reserved. |
|                                                        |
 --------------------------------------------------------

Built by nsmgr   on Fri May 18 18:17:12 PDT 2012
Mon Dec  1 01:20:14 EST 2014
Machine Name: ecegrid-thin3.ecn.purdue.edu

Command line options:  -n nanosim.sp -c nanosim.cfg -nvec nanosim.vec -out fsdb -z tt


The 64-bit version of the simulator is running.


Initializing system messages took 0.000 s

LICENSE Information: 
-- Key: TIMEMILL__NSADDON	            
-- Version: 2012.06

Installing interactive/configuration commands ... 
Installing commands took 0.020 s


Start netlist compilation at Mon Dec  1 01:20:14 2014

Compiling "nanosim.sp" (SPICE)
Compiling "/package/eda/cells/ncsu-cdk-1.5.1/local/models/hspice/public/publicModel/tsmc18dP" (SPICE)
Compiling "/package/eda/cells/ncsu-cdk-1.5.1/local/models/hspice/public/publicModel/tsmc18dN" (SPICE)
Compiling "nanosim.vec" (VECTOR)



Parsing netlist finished in 0 seconds

Circuit temperature from netlist                  :       25.000


Netlist compilation will be case insensitive.
All letters will be converted to lower case.
Building instance tree finished in 0 seconds

Finish netlist compilation at Mon Dec  1 01:20:14 2014

Netlist compilation took 0.020 s
NOTICE:Techfile Voltage (*nanosim tech="voltage") set to  2.5V ... 
Found technology file: ./tt_tech_tsmc18dn...
Found technology file: ./tt_tech_tsmc18dp...
Building node/element arrays took 0.010 s

Reading configuration files ...
Reading configuration files took 0.000000 s

1 parallel caps have been merged

# of CMOS elements                                        :           11
# of dc voltage sources                                   :            1
# of independent sources                                  :            1
# of stimulus elements                                    :            1
# of elements                                             :           26
# of used elements                                        :           16
# of nodes                                                :           11
# of subckt                                               :            1
# of top-level instances                                  :           26
# of capacitors from netlist                              :           23
     # of Ground CAPS from netlist                        :           11
     # of Coupling CAPS from netlist                      :           12

# of Coupling CAPS from netlist and converted diodes      :           12
     # of Coupling CAPS kept (see .fcap file)             :            4
     # of Coupling CAPS put into SMS Mode                 :            0
     # of Coupling CAPS split to ground                   :            8


Circuit partitioning ...

Among 4 stages, there are: 
           4 pwl stages 
           0 grouped pwl stages
           0 analog stages 
           0 NR stages 
           0 grouped analog stages
           0 rc stages 
           0 ud stages 
           0 ADFMI functional model stages
           2 nodes in the largest pwl stage
           0 nodes in the largest digital stage

           4 stages (4 pwl/analog stages) with 0-9 nodes


Among 11 nodes, there are: 
          11 pwl nodes
           0 analog (accurate) nodes
           0 rc nodes
           0 ud nodes

           0 cut nodes 
           0 mem_cut nodes 
           6 no_clamp nodes 
           7 nodes in stages
           4 voltage source nodes
           2 constant nodes
           0 NR nodes

Among 26 elements, there are: 
          14 elements in stages
          14 pwl elements 
           0 synchronous elements 
           0 SMS elements 
           0 analog (accurate) elements
           0 rc elements 
           0 ud elements 
           0 ADFMI functional model elements 
           0 VERILOGA model elements 
           0 behavioral model elements 

           0 mna elements
           0 NR elements
           0 mos transistors identified as keepers
           0 keepers removed
           0 keepers reduced


Circuit partitioning took 0.000 s
Constructing matrix ...
Matrix ordering and construction took 0.000 s
Profiling block-number for individual report_block_powr configuration commands (1 cmd's totally)  
Cmd 1: 1 blocks from "report_block_powr total track_power=1 * "   
Processing block power (number of blocks: 1) ...  


After reading configuration file(s), 6 signals are identified to be printed:
           3 logic signals
           3 voltage signals

Statistics of memory used for signal printing:
      632544 bytes allocated in total, including:
             96016 bytes allocated for node current/voltage/logic signals
            272224 bytes allocated additionally for node current signals
            264304 bytes allocated additionally for element branch current signals

Levelizing stages ...
Levelizing stages took 0.000 s
DC initialization ...

Finishing initialization (level 0 -- 3)
0 dynamic stages assigned in DC Initialization

Number of residual dc events scheduled          : 0
Number of ic nodes scheduled                    : 0
DC initialization took 0.000 s

Simulation begins in pwl mode ...
WARNING:NanoSim:0x2110f526:Element m44 outside tech_file range (vg=0.75, vd=2.5, vs=0)... at 1.03ns 
WARNING:NanoSim:0x2110f526:Element m36 outside tech_file range (vg=1.99696, vd=0, vs=2.5)... at 1.07ns 
WARNING:NanoSim:0x2110f526:Element m36 outside tech_file range (vg=1.55759, vd=0.0118821, vs=2.5)... at 1.08ns 
WARNING:NanoSim:0x2110f526:Element m36 outside tech_file range (vg=1.09226, vd=0.118529, vs=2.5)... at 1.09ns 
WARNING:NanoSim:0x2110f526:Element m40 outside tech_file range (vg=0.814632, vd=2.5, vs=0)... at 1.11ns 
WARNING:NanoSim:0x2110f526:Element m40 outside tech_file range (vg=1.36283, vd=2.35036, vs=0)... at 1.12ns 
WARNING:NanoSim:0x2110f526:Element m45 outside tech_file range (vg=0.75, vd=2.60276, vs=0)... at 5.03ns 
WARNING:NanoSim:0x2110f526:Element m45 outside tech_file range (vg=1, vd=2.43411, vs=0)... at 5.04ns 
WARNING:NanoSim:0x2110f526:Element m39 outside tech_file range (vg=2, vd=-0.00830992, vs=2.49987)... at 6.12ns 
WARNING:NanoSim:0x2110f526:Element m37 outside tech_file range (vg=2, vd=-0.0071783, vs=2.5)... at 6.12ns 
WARNING:NanoSim:0x20102001:Previous message has been printed 10 times, It will not be printed again! To change the limit for every message type, use:
	"set_mesg_opt limit_per_mesg=<limit>"
Simulation ends at 1000.000 ns

Simulation took 0.090 s

Current information calculated over the intervals:

     0.00000e+00 -  1.00001e+03 ns




Block: total
    Number of nodes in block		:  7
    Number of elements in block		:  14
    Number of block supply nodes	:  1
    Number of block ground nodes	:  1
    Number of block biput nodes		:  2
    Number of block input nodes		:  0
    Number of block output nodes	:  0
    Number of block stages		:  4
    Number of block partial stages	:  0

    Average supply current		: -2.809702 uA
    RMS supply current			:  24.143921 uA

    Average input current		:  0.000000 uA
    RMS input current			:  0.000000 uA

    Average output current		:  0.000000 uA
    RMS output current			:  0.000000 uA

    Average biput current		: -0.000270 uA
    RMS biput current			:  18.623386 uA

    Average block power			:  7.057749 uW
    RMS block power			:  65.747164 uW

Simulation time resolution                      : 1.000e-02 ns
Print time resolution                           : 1.000e-02 ns
Number of PWL matrix solutions                  : 9659
Number of PWL MOS model lookups                 : 17878
Number of time steps                            : 9659
Number of iterations                            : 0
Number of rejected time steps                   : 0

Global simulation parameters used:

SPD            0.25V     ASPD            0.1V
SIM_DESV       0.25V     SIM_AESV      0.125V
VDS_MIN  0.000370663V     AVDS_MIN      1e-08V
SSC (steady state current)         0.1uA
SUBI (subthreshold current)          1uA
DC CURRENT                           1uA

	       1.0 real	       0.7 user	       0.2 sys

Signal data is saved in nanosim.fsdb

No errors reported in the .err file (nanosim.err)

